<?xml version="1.0" encoding="UTF-8"?>
<!-- Generated by org.testng.reporters.JUnitXMLReporter -->
<testsuite ignored="0" hostname="LAPTOP-90DM2654" failures="0" tests="9" name="Command line test" time="38.357" errors="0" timestamp="2022-09-06T09:04:21 IST">
  <testcase classname="com.fb.qa.testcases.LoginPageTest" name="multipleLoginTest" time="3.344"/>
  <testcase classname="com.fb.qa.testcases.LoginPageTest" name="multipleLoginTest" time="3.181"/>
  <testcase classname="com.fb.qa.testcases.LoginPageTest" name="multipleLoginTest" time="3.179"/>
  <testcase classname="com.fb.qa.testcases.LoginPageTest" name="multipleLoginTest" time="3.163"/>
  <testcase classname="com.fb.qa.testcases.LoginPageTest" name="LoginPageTitleTest" time="0.018"/>
  <testcase classname="com.fb.qa.testcases.LoginPageTest" name="FB_logoTest" time="0.036"/>
  <testcase classname="com.fb.qa.testcases.LoginPageTest" name="loginTest" time="0.163"/>
  <testcase classname="com.fb.qa.testcases.SignUpTest" name="signUpPageTitleTest" time="0.009"/>
  <testcase classname="com.fb.qa.testcases.SignUpTest" name="SignUpTest" time="1.209"/>
</testsuite> <!-- Command line test -->
