<?xml version="1.0" encoding="UTF-8"?>
<!-- Generated by org.testng.reporters.JUnitXMLReporter -->
<testsuite ignored="0" hostname="LAPTOP-90DM2654" failures="0" tests="9" name="Command line test" time="55.643" errors="0" timestamp="2022-09-05T11:49:34 IST">
  <testcase classname="com.fb.qa.testcases.LoginPageTest" name="multipleLoginTest" time="3.19"/>
  <testcase classname="com.fb.qa.testcases.LoginPageTest" name="multipleLoginTest" time="3.154"/>
  <testcase classname="com.fb.qa.testcases.LoginPageTest" name="multipleLoginTest" time="3.165"/>
  <testcase classname="com.fb.qa.testcases.LoginPageTest" name="multipleLoginTest" time="3.161"/>
  <testcase classname="com.fb.qa.testcases.LoginPageTest" name="LoginPageTitleTest" time="0.009"/>
  <testcase classname="com.fb.qa.testcases.LoginPageTest" name="FB_logoTest" time="0.031"/>
  <testcase classname="com.fb.qa.testcases.LoginPageTest" name="loginTest" time="0.178"/>
  <testcase classname="com.fb.qa.testcases.SignUpTest" name="signUpPageTitleTest" time="0.009"/>
  <testcase classname="com.fb.qa.testcases.SignUpTest" name="SignUpTest" time="1.824"/>
</testsuite> <!-- Command line test -->
