<?xml version="1.0" encoding="UTF-8"?>
<testng-results ignored="0" total="9" passed="9" failed="0" skipped="0">
  <reporter-output>
  </reporter-output>
  <suite started-at="2022-09-06T09:03:42 IST" name="Command line suite" finished-at="2022-09-06T09:04:21 IST" duration-ms="38357">
    <groups>
    </groups>
    <test started-at="2022-09-06T09:03:42 IST" name="Command line test" finished-at="2022-09-06T09:04:21 IST" duration-ms="38357">
      <class name="com.fb.qa.testcases.LoginPageTest">
        <test-method is-config="true" signature="setUp()[pri:0, instance:com.fb.qa.testcases.LoginPageTest@7d7758be]" started-at="2022-09-06T09:03:43 IST" name="setUp" finished-at="2022-09-06T09:03:48 IST" duration-ms="4638" status="PASS">
          <reporter-output>
          </reporter-output>
        </test-method> <!-- setUp -->
        <test-method signature="multipleLoginTest(java.lang.String,java.lang.String)[pri:0, instance:com.fb.qa.testcases.LoginPageTest@7d7758be]" started-at="2022-09-06T09:03:48 IST" name="multipleLoginTest" data-provider="getLoginTestData" finished-at="2022-09-06T09:03:51 IST" duration-ms="3344" status="PASS">
          <params>
            <param index="0">
              <value>
                <![CDATA[vaibhavbohari@gmail.com]]>
              </value>
            </param>
            <param index="1">
              <value>
                <![CDATA[Vaibhav1@]]>
              </value>
            </param>
          </params>
          <reporter-output>
          </reporter-output>
        </test-method> <!-- multipleLoginTest -->
        <test-method is-config="true" signature="tearDown()[pri:0, instance:com.fb.qa.testcases.LoginPageTest@7d7758be]" started-at="2022-09-06T09:03:51 IST" name="tearDown" finished-at="2022-09-06T09:03:51 IST" duration-ms="260" status="PASS">
          <reporter-output>
          </reporter-output>
        </test-method> <!-- tearDown -->
        <test-method is-config="true" signature="setUp()[pri:0, instance:com.fb.qa.testcases.LoginPageTest@7d7758be]" started-at="2022-09-06T09:03:51 IST" name="setUp" finished-at="2022-09-06T09:03:54 IST" duration-ms="2279" status="PASS">
          <reporter-output>
          </reporter-output>
        </test-method> <!-- setUp -->
        <test-method signature="multipleLoginTest(java.lang.String,java.lang.String)[pri:0, instance:com.fb.qa.testcases.LoginPageTest@7d7758be]" started-at="2022-09-06T09:03:54 IST" name="multipleLoginTest" data-provider="getLoginTestData" finished-at="2022-09-06T09:03:57 IST" duration-ms="3181" status="PASS">
          <params>
            <param index="0">
              <value>
                <![CDATA[vaibhavbohari@1997gmail.com]]>
              </value>
            </param>
            <param index="1">
              <value>
                <![CDATA[Vaibhav2@]]>
              </value>
            </param>
          </params>
          <reporter-output>
          </reporter-output>
        </test-method> <!-- multipleLoginTest -->
        <test-method is-config="true" signature="tearDown()[pri:0, instance:com.fb.qa.testcases.LoginPageTest@7d7758be]" started-at="2022-09-06T09:03:57 IST" name="tearDown" finished-at="2022-09-06T09:03:57 IST" duration-ms="182" status="PASS">
          <reporter-output>
          </reporter-output>
        </test-method> <!-- tearDown -->
        <test-method is-config="true" signature="setUp()[pri:0, instance:com.fb.qa.testcases.LoginPageTest@7d7758be]" started-at="2022-09-06T09:03:57 IST" name="setUp" finished-at="2022-09-06T09:03:59 IST" duration-ms="2073" status="PASS">
          <reporter-output>
          </reporter-output>
        </test-method> <!-- setUp -->
        <test-method signature="multipleLoginTest(java.lang.String,java.lang.String)[pri:0, instance:com.fb.qa.testcases.LoginPageTest@7d7758be]" started-at="2022-09-06T09:03:59 IST" name="multipleLoginTest" data-provider="getLoginTestData" finished-at="2022-09-06T09:04:02 IST" duration-ms="3179" status="PASS">
          <params>
            <param index="0">
              <value>
                <![CDATA[vaibhav@1451gmail.com]]>
              </value>
            </param>
            <param index="1">
              <value>
                <![CDATA[vaibhav589@]]>
              </value>
            </param>
          </params>
          <reporter-output>
          </reporter-output>
        </test-method> <!-- multipleLoginTest -->
        <test-method is-config="true" signature="tearDown()[pri:0, instance:com.fb.qa.testcases.LoginPageTest@7d7758be]" started-at="2022-09-06T09:04:02 IST" name="tearDown" finished-at="2022-09-06T09:04:02 IST" duration-ms="182" status="PASS">
          <reporter-output>
          </reporter-output>
        </test-method> <!-- tearDown -->
        <test-method is-config="true" signature="setUp()[pri:0, instance:com.fb.qa.testcases.LoginPageTest@7d7758be]" started-at="2022-09-06T09:04:02 IST" name="setUp" finished-at="2022-09-06T09:04:04 IST" duration-ms="1981" status="PASS">
          <reporter-output>
          </reporter-output>
        </test-method> <!-- setUp -->
        <test-method signature="multipleLoginTest(java.lang.String,java.lang.String)[pri:0, instance:com.fb.qa.testcases.LoginPageTest@7d7758be]" started-at="2022-09-06T09:04:04 IST" name="multipleLoginTest" data-provider="getLoginTestData" finished-at="2022-09-06T09:04:08 IST" duration-ms="3163" status="PASS">
          <params>
            <param index="0">
              <value>
                <![CDATA[kanakbabar999@gmail.com]]>
              </value>
            </param>
            <param index="1">
              <value>
                <![CDATA[kan@12]]>
              </value>
            </param>
          </params>
          <reporter-output>
          </reporter-output>
        </test-method> <!-- multipleLoginTest -->
        <test-method is-config="true" signature="tearDown()[pri:0, instance:com.fb.qa.testcases.LoginPageTest@7d7758be]" started-at="2022-09-06T09:04:08 IST" name="tearDown" finished-at="2022-09-06T09:04:08 IST" duration-ms="245" status="PASS">
          <reporter-output>
          </reporter-output>
        </test-method> <!-- tearDown -->
        <test-method is-config="true" signature="setUp()[pri:0, instance:com.fb.qa.testcases.LoginPageTest@7d7758be]" started-at="2022-09-06T09:04:08 IST" name="setUp" finished-at="2022-09-06T09:04:10 IST" duration-ms="2008" status="PASS">
          <reporter-output>
          </reporter-output>
        </test-method> <!-- setUp -->
        <test-method signature="LoginPageTitleTest()[pri:1, instance:com.fb.qa.testcases.LoginPageTest@7d7758be]" started-at="2022-09-06T09:04:10 IST" name="LoginPageTitleTest" finished-at="2022-09-06T09:04:10 IST" duration-ms="18" status="PASS">
          <reporter-output>
          </reporter-output>
        </test-method> <!-- LoginPageTitleTest -->
        <test-method is-config="true" signature="tearDown()[pri:0, instance:com.fb.qa.testcases.LoginPageTest@7d7758be]" started-at="2022-09-06T09:04:10 IST" name="tearDown" finished-at="2022-09-06T09:04:10 IST" duration-ms="190" status="PASS">
          <reporter-output>
          </reporter-output>
        </test-method> <!-- tearDown -->
        <test-method is-config="true" signature="setUp()[pri:0, instance:com.fb.qa.testcases.LoginPageTest@7d7758be]" started-at="2022-09-06T09:04:10 IST" name="setUp" finished-at="2022-09-06T09:04:12 IST" duration-ms="2027" status="PASS">
          <reporter-output>
          </reporter-output>
        </test-method> <!-- setUp -->
        <test-method signature="FB_logoTest()[pri:2, instance:com.fb.qa.testcases.LoginPageTest@7d7758be]" started-at="2022-09-06T09:04:12 IST" name="FB_logoTest" finished-at="2022-09-06T09:04:12 IST" duration-ms="36" status="PASS">
          <reporter-output>
          </reporter-output>
        </test-method> <!-- FB_logoTest -->
        <test-method is-config="true" signature="tearDown()[pri:0, instance:com.fb.qa.testcases.LoginPageTest@7d7758be]" started-at="2022-09-06T09:04:12 IST" name="tearDown" finished-at="2022-09-06T09:04:12 IST" duration-ms="213" status="PASS">
          <reporter-output>
          </reporter-output>
        </test-method> <!-- tearDown -->
        <test-method is-config="true" signature="setUp()[pri:0, instance:com.fb.qa.testcases.LoginPageTest@7d7758be]" started-at="2022-09-06T09:04:12 IST" name="setUp" finished-at="2022-09-06T09:04:15 IST" duration-ms="2236" status="PASS">
          <reporter-output>
          </reporter-output>
        </test-method> <!-- setUp -->
        <test-method signature="loginTest()[pri:3, instance:com.fb.qa.testcases.LoginPageTest@7d7758be]" started-at="2022-09-06T09:04:15 IST" name="loginTest" finished-at="2022-09-06T09:04:15 IST" duration-ms="163" status="PASS">
          <reporter-output>
          </reporter-output>
        </test-method> <!-- loginTest -->
        <test-method is-config="true" signature="tearDown()[pri:0, instance:com.fb.qa.testcases.LoginPageTest@7d7758be]" started-at="2022-09-06T09:04:15 IST" name="tearDown" finished-at="2022-09-06T09:04:15 IST" duration-ms="231" status="PASS">
          <reporter-output>
          </reporter-output>
        </test-method> <!-- tearDown -->
      </class> <!-- com.fb.qa.testcases.LoginPageTest -->
      <class name="com.fb.qa.testcases.SignUpTest">
        <test-method is-config="true" signature="setUp()[pri:0, instance:com.fb.qa.testcases.SignUpTest@163370c2]" started-at="2022-09-06T09:04:15 IST" name="setUp" finished-at="2022-09-06T09:04:17 IST" duration-ms="2044" status="PASS">
          <reporter-output>
          </reporter-output>
        </test-method> <!-- setUp -->
        <test-method signature="signUpPageTitleTest()[pri:1, instance:com.fb.qa.testcases.SignUpTest@163370c2]" started-at="2022-09-06T09:04:17 IST" name="signUpPageTitleTest" finished-at="2022-09-06T09:04:17 IST" duration-ms="9" status="PASS">
          <reporter-output>
          </reporter-output>
        </test-method> <!-- signUpPageTitleTest -->
        <test-method is-config="true" signature="tearDown()[pri:0, instance:com.fb.qa.testcases.SignUpTest@163370c2]" started-at="2022-09-06T09:04:17 IST" name="tearDown" finished-at="2022-09-06T09:04:17 IST" duration-ms="230" status="PASS">
          <reporter-output>
          </reporter-output>
        </test-method> <!-- tearDown -->
        <test-method is-config="true" signature="setUp()[pri:0, instance:com.fb.qa.testcases.SignUpTest@163370c2]" started-at="2022-09-06T09:04:17 IST" name="setUp" finished-at="2022-09-06T09:04:19 IST" duration-ms="2002" status="PASS">
          <reporter-output>
          </reporter-output>
        </test-method> <!-- setUp -->
        <test-method signature="SignUpTest()[pri:2, instance:com.fb.qa.testcases.SignUpTest@163370c2]" started-at="2022-09-06T09:04:19 IST" name="SignUpTest" finished-at="2022-09-06T09:04:20 IST" duration-ms="1209" status="PASS">
          <reporter-output>
          </reporter-output>
        </test-method> <!-- SignUpTest -->
        <test-method is-config="true" signature="tearDown()[pri:0, instance:com.fb.qa.testcases.SignUpTest@163370c2]" started-at="2022-09-06T09:04:20 IST" name="tearDown" finished-at="2022-09-06T09:04:21 IST" duration-ms="221" status="PASS">
          <reporter-output>
          </reporter-output>
        </test-method> <!-- tearDown -->
      </class> <!-- com.fb.qa.testcases.SignUpTest -->
    </test> <!-- Command line test -->
  </suite> <!-- Command line suite -->
</testng-results>
